<?xml version="1.0" encoding="UTF-8"?>
<!-- Generated by org.testng.reporters.JUnitXMLReporter -->
<testsuite ignored="3" hostname="DESKTOP-I2TR69D" failures="0" tests="2" name="Test" time="35.775" errors="0" timestamp="2024-12-12T12:05:26 IST">
  <testcase classname="groups.Groupexp1" name="fblogin1" time="19.476"/>
  <testcase classname="groups.Groupsexp2" name="fblogin" time="16.042"/>
  <testcase classname="groups.Groupsexp4" name="fblogin" time="0.0">
    <ignored/>
  </testcase> <!-- fblogin -->
  <testcase classname="groups.Groupsexp5" name="fblogin5" time="0.0">
    <ignored/>
  </testcase> <!-- fblogin5 -->
  <testcase classname="groups.Groupsexp3" name="fblogin3" time="0.0">
    <ignored/>
  </testcase> <!-- fblogin3 -->
</testsuite> <!-- Test -->
